<?xml version="1.0" encoding="UTF-8"?>
<!-- Generated by org.testng.reporters.JUnitXMLReporter -->
<testsuite hostname="QKNBK296" ignored="0" name="Default test" tests="3" failures="0" timestamp="17 Feb 2020 12:24:34 GMT" time="1.734" errors="0">
  <testcase name="testModelSpecs" time="0.024" classname="com.qaprosoft.carina.demo.Practice_Hashmap"/>
  <testcase name="testModelSpecs" time="0.007" classname="com.qaprosoft.carina.demo.Practice_Hashmap"/>
  <testcase name="testModelSpecs" time="0.006" classname="com.qaprosoft.carina.demo.Practice_Hashmap"/>
</testsuite> <!-- Default test -->
