<?xml version="1.0" encoding="UTF-8"?>
<!-- Generated by org.testng.reporters.JUnitXMLReporter -->
<testsuite hostname="QKNBK296" ignored="0" name="Default test" tests="4" failures="0" timestamp="01 Apr 2020 15:10:22 GMT" time="12.095" errors="0">
  <testcase name="addtxn_common" time="0.027" classname="com.qaprosoft.carina.demo.tatadigital.Earn_BurnPoints_Simultaenously"/>
  <testcase name="getcustloyaltydetails_beforeRedeem" time="7.084" classname="com.qaprosoft.carina.demo.tatadigital.Earn_BurnPoints_Simultaenously"/>
  <testcase name="redeempoints_TC004" time="1.752" classname="com.qaprosoft.carina.demo.tatadigital.Earn_BurnPoints_Simultaenously"/>
  <testcase name="getcustloyaltydetails_afterRedeem" time="1.281" classname="com.qaprosoft.carina.demo.tatadigital.Earn_BurnPoints_Simultaenously"/>
</testsuite> <!-- Default test -->
