<?xml version="1.0" encoding="UTF-8" standalone="no"?>
<testsuite failures="1" name="cucumber.runtime.formatter.JUnitFormatter" skipped="0" tests="1" time="115.812145">
<testcase classname="E-guru feature" name="Verify if e-guru is able to login" time="115.812145">
<failure message="org.openqa.selenium.NoSuchElementException: An element could not be located on the page using the given search parameters.&#10;For documentation on this error, please visit: https://www.seleniumhq.org/exceptions/no_such_element.html&#10;Build info: version: '3.141.59', revision: 'e82be7d358', time: '2018-11-14T08:17:03'&#10;System info: host: 'T440P', ip: '192.168.216.94', os.name: 'Windows 10', os.arch: 'amd64', os.version: '10.0', java.version: '1.8.0_144'&#10;Driver info: io.appium.java_client.android.AndroidDriver&#10;Capabilities {appActivity: com.tatamotors.eguruhybrid...., appPackage: com.tatamotors.eguruhybrid, automationName: uiautomator2, carinaTestRunId: 1e8fb4a5-ca98-4ba4-b84c-ae9..., databaseEnabled: false, desired: {appActivity: com.tatamotors.eguruhybrid...., appPackage: com.tatamotors.eguruhybrid, automationName: uiautomator2, carinaTestRunId: 1e8fb4a5-ca98-4ba4-b84c-ae9..., deviceName: redmiy2, deviceType: phone, platformName: android, platformVersion: 9, udid: 94eacea3}, deviceApiLevel: 28, deviceManufacturer: Xiaomi, deviceModel: Redmi Y2, deviceName: 94eacea3, deviceScreenDensity: 320, deviceScreenSize: 720x1440, deviceType: phone, deviceUDID: 94eacea3, javascriptEnabled: true, locationContextEnabled: false, networkConnectionEnabled: true, pixelRatio: 2, platform: LINUX, platformName: ANDROID, platformVersion: 9, statBarHeight: 48, takesScreenshot: true, udid: 94eacea3, viewportRect: {height: 1296, left: 0, top: 48, width: 720}, warnings: {}, webStorageEnabled: false}&#10;Session ID: 14fc7188-8f71-468f-8e14-2e0fbc79490c&#10;*** Element info: {Using=xpath, value=//android.widget.EditText[@text='Enter Last Name']}&#13;&#10;&#9;at sun.reflect.GeneratedConstructorAccessor18.newInstance(Unknown Source)&#13;&#10;&#9;at sun.reflect.DelegatingConstructorAccessorImpl.newInstance(DelegatingConstructorAccessorImpl.java:45)&#13;&#10;&#9;at java.lang.reflect.Constructor.newInstance(Constructor.java:423)&#13;&#10;&#9;at org.openqa.selenium.remote.http.W3CHttpResponseCodec.createException(W3CHttpResponseCodec.java:187)&#13;&#10;&#9;at org.openqa.selenium.remote.http.W3CHttpResponseCodec.decode(W3CHttpResponseCodec.java:122)&#13;&#10;&#9;at org.openqa.selenium.remote.http.W3CHttpResponseCodec.decode(W3CHttpResponseCodec.java:49)&#13;&#10;&#9;at org.openqa.selenium.remote.HttpCommandExecutor.execute(HttpCommandExecutor.java:158)&#13;&#10;&#9;at com.qaprosoft.carina.core.foundation.webdriver.listener.EventFiringAppiumCommandExecutor.execute(EventFiringAppiumCommandExecutor.java:150)&#13;&#10;&#9;at org.openqa.selenium.remote.RemoteWebDriver.execute(RemoteWebDriver.java:552)&#13;&#10;&#9;at io.appium.java_client.DefaultGenericMobileDriver.execute(DefaultGenericMobileDriver.java:41)&#13;&#10;&#9;at io.appium.java_client.AppiumDriver.execute(AppiumDriver.java:1)&#13;&#10;&#9;at io.appium.java_client.android.AndroidDriver.execute(AndroidDriver.java:1)&#13;&#10;&#9;at org.openqa.selenium.remote.RemoteWebDriver.findElement(RemoteWebDriver.java:323)&#13;&#10;&#9;at io.appium.java_client.DefaultGenericMobileDriver.findElement(DefaultGenericMobileDriver.java:61)&#13;&#10;&#9;at io.appium.java_client.AppiumDriver.findElement(AppiumDriver.java:1)&#13;&#10;&#9;at io.appium.java_client.android.AndroidDriver.findElement(AndroidDriver.java:1)&#13;&#10;&#9;at org.openqa.selenium.remote.RemoteWebDriver.findElementByXPath(RemoteWebDriver.java:428)&#13;&#10;&#9;at io.appium.java_client.DefaultGenericMobileDriver.findElementByXPath(DefaultGenericMobileDriver.java:151)&#13;&#10;&#9;at io.appium.java_client.AppiumDriver.findElementByXPath(AppiumDriver.java:1)&#13;&#10;&#9;at io.appium.java_client.android.AndroidDriver.findElementByXPath(AndroidDriver.java:1)&#13;&#10;&#9;at org.openqa.selenium.By$ByXPath.findElement(By.java:353)&#13;&#10;&#9;at org.openqa.selenium.remote.RemoteWebDriver.findElement(RemoteWebDriver.java:315)&#13;&#10;&#9;at io.appium.java_client.DefaultGenericMobileDriver.findElement(DefaultGenericMobileDriver.java:57)&#13;&#10;&#9;at io.appium.java_client.AppiumDriver.findElement(AppiumDriver.java:1)&#13;&#10;&#9;at io.appium.java_client.android.AndroidDriver.findElement(AndroidDriver.java:1)&#13;&#10;&#9;at com.qaprosoft.carina.core.foundation.webdriver.decorator.ExtendedWebElement.refindElement(ExtendedWebElement.java:383)&#13;&#10;&#9;at com.qaprosoft.carina.core.foundation.webdriver.decorator.ExtendedWebElement.doAction(ExtendedWebElement.java:1382)&#13;&#10;&#9;at com.qaprosoft.carina.core.foundation.webdriver.decorator.ExtendedWebElement.type(ExtendedWebElement.java:661)&#13;&#10;&#9;at com.qaprosoft.carina.core.foundation.webdriver.decorator.ExtendedWebElement.type(ExtendedWebElement.java:649)&#13;&#10;&#9;at com.qaprosoft.carina.core.foundation.webdriver.decorator.ExtendedWebElement.type(ExtendedWebElement.java:639)&#13;&#10;&#9;at com.qaprosoft.carina.demo.mobile.gui.pages.android.EguruMainPage.enterbasicdetails(EguruMainPage.java:50)&#13;&#10;&#9;at com.qaprosoft.carina.demo.cucumber.steps.manali.EguruStepdef.enterbasicdetails(EguruStepdef.java:66)&#13;&#10;&#9;at ✽.And Enter Basic Details(src/test/resources/features/E-guru.feature:14)&#13;&#10;"><![CDATA[Given launch your app.......................................................passed
When click on userid and pw.................................................passed
Then click on login.........................................................passed
And Click OK................................................................passed
And ClickNavigation.........................................................passed
And click Logout............................................................passed
Then clickContacts..........................................................passed
And Enter Basic Details.....................................................failed

StackTrace:
org.openqa.selenium.NoSuchElementException: An element could not be located on the page using the given search parameters.
For documentation on this error, please visit: https://www.seleniumhq.org/exceptions/no_such_element.html
Build info: version: '3.141.59', revision: 'e82be7d358', time: '2018-11-14T08:17:03'
System info: host: 'T440P', ip: '192.168.216.94', os.name: 'Windows 10', os.arch: 'amd64', os.version: '10.0', java.version: '1.8.0_144'
Driver info: io.appium.java_client.android.AndroidDriver
Capabilities {appActivity: com.tatamotors.eguruhybrid...., appPackage: com.tatamotors.eguruhybrid, automationName: uiautomator2, carinaTestRunId: 1e8fb4a5-ca98-4ba4-b84c-ae9..., databaseEnabled: false, desired: {appActivity: com.tatamotors.eguruhybrid...., appPackage: com.tatamotors.eguruhybrid, automationName: uiautomator2, carinaTestRunId: 1e8fb4a5-ca98-4ba4-b84c-ae9..., deviceName: redmiy2, deviceType: phone, platformName: android, platformVersion: 9, udid: 94eacea3}, deviceApiLevel: 28, deviceManufacturer: Xiaomi, deviceModel: Redmi Y2, deviceName: 94eacea3, deviceScreenDensity: 320, deviceScreenSize: 720x1440, deviceType: phone, deviceUDID: 94eacea3, javascriptEnabled: true, locationContextEnabled: false, networkConnectionEnabled: true, pixelRatio: 2, platform: LINUX, platformName: ANDROID, platformVersion: 9, statBarHeight: 48, takesScreenshot: true, udid: 94eacea3, viewportRect: {height: 1296, left: 0, top: 48, width: 720}, warnings: {}, webStorageEnabled: false}
Session ID: 14fc7188-8f71-468f-8e14-2e0fbc79490c
*** Element info: {Using=xpath, value=//android.widget.EditText[@text='Enter Last Name']}
	at sun.reflect.GeneratedConstructorAccessor18.newInstance(Unknown Source)
	at sun.reflect.DelegatingConstructorAccessorImpl.newInstance(DelegatingConstructorAccessorImpl.java:45)
	at java.lang.reflect.Constructor.newInstance(Constructor.java:423)
	at org.openqa.selenium.remote.http.W3CHttpResponseCodec.createException(W3CHttpResponseCodec.java:187)
	at org.openqa.selenium.remote.http.W3CHttpResponseCodec.decode(W3CHttpResponseCodec.java:122)
	at org.openqa.selenium.remote.http.W3CHttpResponseCodec.decode(W3CHttpResponseCodec.java:49)
	at org.openqa.selenium.remote.HttpCommandExecutor.execute(HttpCommandExecutor.java:158)
	at com.qaprosoft.carina.core.foundation.webdriver.listener.EventFiringAppiumCommandExecutor.execute(EventFiringAppiumCommandExecutor.java:150)
	at org.openqa.selenium.remote.RemoteWebDriver.execute(RemoteWebDriver.java:552)
	at io.appium.java_client.DefaultGenericMobileDriver.execute(DefaultGenericMobileDriver.java:41)
	at io.appium.java_client.AppiumDriver.execute(AppiumDriver.java:1)
	at io.appium.java_client.android.AndroidDriver.execute(AndroidDriver.java:1)
	at org.openqa.selenium.remote.RemoteWebDriver.findElement(RemoteWebDriver.java:323)
	at io.appium.java_client.DefaultGenericMobileDriver.findElement(DefaultGenericMobileDriver.java:61)
	at io.appium.java_client.AppiumDriver.findElement(AppiumDriver.java:1)
	at io.appium.java_client.android.AndroidDriver.findElement(AndroidDriver.java:1)
	at org.openqa.selenium.remote.RemoteWebDriver.findElementByXPath(RemoteWebDriver.java:428)
	at io.appium.java_client.DefaultGenericMobileDriver.findElementByXPath(DefaultGenericMobileDriver.java:151)
	at io.appium.java_client.AppiumDriver.findElementByXPath(AppiumDriver.java:1)
	at io.appium.java_client.android.AndroidDriver.findElementByXPath(AndroidDriver.java:1)
	at org.openqa.selenium.By$ByXPath.findElement(By.java:353)
	at org.openqa.selenium.remote.RemoteWebDriver.findElement(RemoteWebDriver.java:315)
	at io.appium.java_client.DefaultGenericMobileDriver.findElement(DefaultGenericMobileDriver.java:57)
	at io.appium.java_client.AppiumDriver.findElement(AppiumDriver.java:1)
	at io.appium.java_client.android.AndroidDriver.findElement(AndroidDriver.java:1)
	at com.qaprosoft.carina.core.foundation.webdriver.decorator.ExtendedWebElement.refindElement(ExtendedWebElement.java:383)
	at com.qaprosoft.carina.core.foundation.webdriver.decorator.ExtendedWebElement.doAction(ExtendedWebElement.java:1382)
	at com.qaprosoft.carina.core.foundation.webdriver.decorator.ExtendedWebElement.type(ExtendedWebElement.java:661)
	at com.qaprosoft.carina.core.foundation.webdriver.decorator.ExtendedWebElement.type(ExtendedWebElement.java:649)
	at com.qaprosoft.carina.core.foundation.webdriver.decorator.ExtendedWebElement.type(ExtendedWebElement.java:639)
	at com.qaprosoft.carina.demo.mobile.gui.pages.android.EguruMainPage.enterbasicdetails(EguruMainPage.java:50)
	at com.qaprosoft.carina.demo.cucumber.steps.manali.EguruStepdef.enterbasicdetails(EguruStepdef.java:66)
	at ✽.And Enter Basic Details(src/test/resources/features/E-guru.feature:14)
]]></failure>
</testcase>
</testsuite>
