<?xml version="1.0" encoding="UTF-8" standalone="no"?>
<testsuite failures="1" name="cucumber.runtime.formatter.JUnitFormatter" skipped="0" tests="1" time="41.581274">
<testcase classname="firstcry feature" name="Verify if boy is selected" time="41.581274">
<failure message="java.lang.NullPointerException&#13;&#10;&#9;at com.qaprosoft.carina.demo.cucumber.steps.manali.FirstCryBoyStepdef.Enterdetails(FirstCryBoyStepdef.java:40)&#13;&#10;&#9;at ✽.When Select Boy and years(src/test/resources/features/FirstCry_Mobile.feature:8)&#13;&#10;"><![CDATA[Given launch First Cry App..................................................passed
When Select Boy and years...................................................failed
And Select DOB Child Name...................................................skipped
And Click Submit............................................................skipped
Then Check the child name added.............................................skipped

StackTrace:
java.lang.NullPointerException
	at com.qaprosoft.carina.demo.cucumber.steps.manali.FirstCryBoyStepdef.Enterdetails(FirstCryBoyStepdef.java:40)
	at ✽.When Select Boy and years(src/test/resources/features/FirstCry_Mobile.feature:8)
]]></failure>
</testcase>
</testsuite>
