<?xml version="1.0" encoding="UTF-8"?>
<testng-results skipped="0" failed="0" ignored="0" total="4" passed="4">
  <reporter-output>
  </reporter-output>
  <suite name="Default suite" duration-ms="12095" started-at="2020-04-01T15:10:09Z" finished-at="2020-04-01T15:10:22Z">
    <groups>
    </groups>
    <test name="Default test" duration-ms="12095" started-at="2020-04-01T15:10:09Z" finished-at="2020-04-01T15:10:22Z">
      <class name="com.qaprosoft.carina.demo.tatadigital.Earn_BurnPoints_Simultaenously">
        <test-method status="PASS" signature="addtxn_common(java.lang.String, java.lang.String, java.lang.String, java.lang.String, java.lang.String, java.lang.String, java.lang.String, java.lang.String, java.lang.String, java.lang.String, java.lang.String, java.lang.String, java.lang.String, java.lang.String, java.lang.String, java.lang.String, java.lang.String, java.lang.String, java.lang.String, java.lang.String, java.lang.String, java.lang.String, java.lang.String, java.lang.String, java.lang.String, java.lang.String, java.lang.String, java.lang.String, java.lang.String, java.lang.String, java.lang.String, java.lang.String, java.lang.String, java.lang.String, java.lang.String)[pri:1, instance:com.qaprosoft.carina.demo.tatadigital.Earn_BurnPoints_Simultaenously@4df50bcc]" name="addtxn_common" duration-ms="27" started-at="2020-04-01T15:10:11Z" description="JIRA#DEMO-0001" data-provider="DataProvider" finished-at="2020-04-01T15:10:11Z">
          <params>
            <param index="0">
              <value>
                <![CDATA[NormalAddTxn]]>
              </value>
            </param>
            <param index="1">
              <value>
                <![CDATA[regular]]>
              </value>
            </param>
            <param index="2">
              <value>
                <![CDATA[]]>
              </value>
            </param>
            <param index="3">
              <value>
                <![CDATA[5000]]>
              </value>
            </param>
            <param index="4">
              <value>
                <![CDATA[INR]]>
              </value>
            </param>
            <param index="5">
              <value>
                <![CDATA[5000]]>
              </value>
            </param>
            <param index="6">
              <value>
                <![CDATA[]]>
              </value>
            </param>
            <param index="7">
              <value>
                <![CDATA[1423]]>
              </value>
            </param>
            <param index="8">
              <value>
                <![CDATA[INSTORE]]>
              </value>
            </param>
            <param index="9">
              <value>
                <![CDATA[12134]]>
              </value>
            </param>
            <param index="10">
              <value>
                <![CDATA[TCP_0022]]>
              </value>
            </param>
            <param index="11">
              <value>
                <![CDATA[CASH]]>
              </value>
            </param>
            <param index="12">
              <value>
                <![CDATA[5000]]>
              </value>
            </param>
            <param index="13">
              <value>
                <![CDATA[Bank]]>
              </value>
            </param>
            <param index="14">
              <value>
                <![CDATA[SBI]]>
              </value>
            </param>
            <param index="15">
              <value>
                <![CDATA[1]]>
              </value>
            </param>
            <param index="16">
              <value>
                <![CDATA[]]>
              </value>
            </param>
            <param index="17">
              <value>
                <![CDATA[2500]]>
              </value>
            </param>
            <param index="18">
              <value>
                <![CDATA[soap]]>
              </value>
            </param>
            <param index="19">
              <value>
                <![CDATA[skuattr9]]>
              </value>
            </param>
            <param index="20">
              <value>
                <![CDATA[25]]>
              </value>
            </param>
            <param index="21">
              <value>
                <![CDATA[100]]>
              </value>
            </param>
            <param index="22">
              <value>
                <![CDATA[2500]]>
              </value>
            </param>
            <param index="23">
              <value>
                <![CDATA[]]>
              </value>
            </param>
            <param index="24">
              <value>
                <![CDATA[12134]]>
              </value>
            </param>
            <param index="25">
              <value>
                <![CDATA[2]]>
              </value>
            </param>
            <param index="26">
              <value>
                <![CDATA[]]>
              </value>
            </param>
            <param index="27">
              <value>
                <![CDATA[2500]]>
              </value>
            </param>
            <param index="28">
              <value>
                <![CDATA[sheet]]>
              </value>
            </param>
            <param index="29">
              <value>
                <![CDATA[skuattr10]]>
              </value>
            </param>
            <param index="30">
              <value>
                <![CDATA[25]]>
              </value>
            </param>
            <param index="31">
              <value>
                <![CDATA[100]]>
              </value>
            </param>
            <param index="32">
              <value>
                <![CDATA[2500]]>
              </value>
            </param>
            <param index="33">
              <value>
                <![CDATA[]]>
              </value>
            </param>
            <param index="34">
              <value>
                <![CDATA[12134]]>
              </value>
            </param>
          </params>
          <reporter-output>
          </reporter-output>
        </test-method> <!-- addtxn_common -->
        <test-method status="PASS" signature="getcustloyaltydetails_beforeRedeem(java.lang.String, java.lang.String)[pri:2, instance:com.qaprosoft.carina.demo.tatadigital.Earn_BurnPoints_Simultaenously@4df50bcc]" name="getcustloyaltydetails_beforeRedeem" duration-ms="7084" started-at="2020-04-01T15:10:11Z" description="JIRA#DEMO-0002" data-provider="DataProvider" finished-at="2020-04-01T15:10:18Z">
          <params>
            <param index="0">
              <value>
                <![CDATA[To check if the loyalty details of the customer is fetched]]>
              </value>
            </param>
            <param index="1">
              <value>
                <![CDATA[395169517]]>
              </value>
            </param>
          </params>
          <reporter-output>
          </reporter-output>
        </test-method> <!-- getcustloyaltydetails_beforeRedeem -->
        <test-method status="PASS" signature="redeempoints_TC004(java.lang.String, java.lang.String, java.lang.String, java.lang.String, java.lang.String, java.lang.String)[pri:3, instance:com.qaprosoft.carina.demo.tatadigital.Earn_BurnPoints_Simultaenously@4df50bcc]" name="redeempoints_TC004" duration-ms="1752" started-at="2020-04-01T15:10:18Z" description="JIRA#DEMO-0003" data-provider="DataProvider" finished-at="2020-04-01T15:10:20Z">
          <params>
            <param index="0">
              <value>
                <![CDATA[Simutaneously Earn/Burn]]>
              </value>
            </param>
            <param index="1">
              <value>
                <![CDATA[10]]>
              </value>
            </param>
            <param index="2">
              <value>
                <![CDATA[BILL3030]]>
              </value>
            </param>
            <param index="3">
              <value>
                <![CDATA[TCP_0022]]>
              </value>
            </param>
            <param index="4">
              <value>
                <![CDATA[]]>
              </value>
            </param>
            <param index="5">
              <value>
                <![CDATA[1423]]>
              </value>
            </param>
          </params>
          <reporter-output>
          </reporter-output>
        </test-method> <!-- redeempoints_TC004 -->
        <test-method status="PASS" signature="getcustloyaltydetails_afterRedeem(java.lang.String, java.lang.String)[pri:4, instance:com.qaprosoft.carina.demo.tatadigital.Earn_BurnPoints_Simultaenously@4df50bcc]" name="getcustloyaltydetails_afterRedeem" duration-ms="1281" started-at="2020-04-01T15:10:20Z" description="JIRA#DEMO-0002" data-provider="DataProvider" finished-at="2020-04-01T15:10:22Z">
          <params>
            <param index="0">
              <value>
                <![CDATA[To check if the loyalty details of the customer is fetched]]>
              </value>
            </param>
            <param index="1">
              <value>
                <![CDATA[395169517]]>
              </value>
            </param>
          </params>
          <reporter-output>
          </reporter-output>
        </test-method> <!-- getcustloyaltydetails_afterRedeem -->
      </class> <!-- com.qaprosoft.carina.demo.tatadigital.Earn_BurnPoints_Simultaenously -->
    </test> <!-- Default test -->
  </suite> <!-- Default suite -->
</testng-results>
