<?xml version="1.0" encoding="UTF-8"?>
<testng-results skipped="0" failed="0" ignored="0" total="3" passed="3">
  <reporter-output>
  </reporter-output>
  <suite name="Default suite" duration-ms="1734" started-at="2020-02-17T12:24:32Z" finished-at="2020-02-17T12:24:34Z">
    <groups>
    </groups>
    <test name="Default test" duration-ms="1734" started-at="2020-02-17T12:24:32Z" finished-at="2020-02-17T12:24:34Z">
      <class name="com.qaprosoft.carina.demo.Practice_Hashmap">
        <test-method status="PASS" signature="testModelSpecs(java.util.HashMap)[pri:0, instance:com.qaprosoft.carina.demo.Practice_Hashmap@4e91d63f]" name="testModelSpecs" duration-ms="24" started-at="2020-02-17T12:24:33Z" data-provider="DataProvider" finished-at="2020-02-17T12:24:33Z">
          <params>
            <param index="0">
              <value>
                <![CDATA[{password=admin, TUID=L001, username=admin}]]>
              </value>
            </param>
          </params>
          <reporter-output>
          </reporter-output>
        </test-method> <!-- testModelSpecs -->
        <test-method status="PASS" signature="testModelSpecs(java.util.HashMap)[pri:0, instance:com.qaprosoft.carina.demo.Practice_Hashmap@4e91d63f]" name="testModelSpecs" duration-ms="7" started-at="2020-02-17T12:24:34Z" data-provider="DataProvider" finished-at="2020-02-17T12:24:34Z">
          <params>
            <param index="0">
              <value>
                <![CDATA[{password=admin1, TUID=L002, username=admin1}]]>
              </value>
            </param>
          </params>
          <reporter-output>
          </reporter-output>
        </test-method> <!-- testModelSpecs -->
        <test-method status="PASS" signature="testModelSpecs(java.util.HashMap)[pri:0, instance:com.qaprosoft.carina.demo.Practice_Hashmap@4e91d63f]" name="testModelSpecs" duration-ms="6" started-at="2020-02-17T12:24:34Z" data-provider="DataProvider" finished-at="2020-02-17T12:24:34Z">
          <params>
            <param index="0">
              <value>
                <![CDATA[{password=admin2, TUID=L003, username=admin2}]]>
              </value>
            </param>
          </params>
          <reporter-output>
          </reporter-output>
        </test-method> <!-- testModelSpecs -->
      </class> <!-- com.qaprosoft.carina.demo.Practice_Hashmap -->
    </test> <!-- Default test -->
  </suite> <!-- Default suite -->
</testng-results>
